{
"contracts/task2.sol":{"l":{"8":39,"28":1,"32":1,"33":1,"34":4,"37":1,"41":1,"43":1,"45":1,"50":22,"51":73,"54":21,"60":20,"61":19,"64":1,"70":3,"72":2,"74":2,"76":2,"78":2,"84":2,"86":1,"92":13,"94":12,"95":12,"96":12,"98":12,"99":12,"101":12,"102":40,"103":40,"110":24,"111":23,"112":22,"113":21,"114":20,"115":19,"117":18,"118":18,"120":18,"121":8,"122":8,"125":18},"path":"/Users/macbook/Desktop/cryptonTestTask/contracts/task2.sol","s":{"1":39,"2":1,"3":1,"4":1,"5":4,"6":1,"7":1,"8":1,"9":1,"10":22,"11":73,"12":1,"13":21,"14":20,"15":19,"16":1,"17":3,"18":2,"19":2,"20":2,"21":2,"22":2,"23":1,"24":13,"25":12,"26":12,"27":12,"28":12,"29":12,"30":12,"31":40,"32":40,"33":24,"34":23,"35":22,"36":21,"37":20,"38":19,"39":18,"40":18,"41":8,"42":8,"43":18},"b":{"1":[1,72],"2":[19,1],"3":[2,1],"4":[1,1],"5":[12,1],"6":[23,1],"7":[22,1],"8":[21,1],"9":[20,1],"10":[19,1],"11":[18,1],"12":[8,10]},"f":{"1":39,"2":1,"3":1,"4":1,"5":22,"6":20,"7":3,"8":2,"9":13,"10":24},"fnMap":{"1":{"name":"constructor","line":7,"loc":{"start":{"line":7,"column":1},"end":{"line":9,"column":1}}},"2":{"name":"getAmountOfPolls","line":27,"loc":{"start":{"line":27,"column":1},"end":{"line":29,"column":1}}},"3":{"name":"getPollInfo","line":31,"loc":{"start":{"line":31,"column":1},"end":{"line":38,"column":1}}},"4":{"name":"getPollCandidates","line":40,"loc":{"start":{"line":40,"column":1},"end":{"line":46,"column":1}}},"5":{"name":"checkIfVoted","line":48,"loc":{"start":{"line":48,"column":1},"end":{"line":56,"column":1}}},"6":{"name":"isThereACandidate","line":58,"loc":{"start":{"line":58,"column":1},"end":{"line":66,"column":1}}},"7":{"name":"finalizePoll","line":68,"loc":{"start":{"line":68,"column":1},"end":{"line":80,"column":1}}},"8":{"name":"withdrawFees","line":82,"loc":{"start":{"line":82,"column":1},"end":{"line":88,"column":1}}},"9":{"name":"addVoting","line":90,"loc":{"start":{"line":90,"column":1},"end":{"line":106,"column":1}}},"10":{"name":"vote","line":108,"loc":{"start":{"line":108,"column":1},"end":{"line":127,"column":1}}}},"statementMap":{"1":{"start":{"line":8,"column":2},"end":{"line":8,"column":28}},"2":{"start":{"line":28,"column":2},"end":{"line":28,"column":21}},"3":{"start":{"line":32,"column":2},"end":{"line":32,"column":77}},"4":{"start":{"line":33,"column":2},"end":{"line":33,"column":647}},"5":{"start":{"line":34,"column":3},"end":{"line":34,"column":44}},"6":{"start":{"line":37,"column":2},"end":{"line":37,"column":65}},"7":{"start":{"line":41,"column":2},"end":{"line":41,"column":76}},"8":{"start":{"line":43,"column":2},"end":{"line":43,"column":36}},"9":{"start":{"line":45,"column":2},"end":{"line":45,"column":19}},"10":{"start":{"line":50,"column":2},"end":{"line":50,"column":1137}},"11":{"start":{"line":51,"column":3},"end":{"line":51,"column":56}},"12":{"start":{"line":51,"column":45},"end":{"line":51,"column":56}},"13":{"start":{"line":54,"column":2},"end":{"line":54,"column":14}},"14":{"start":{"line":60,"column":2},"end":{"line":60,"column":1382}},"15":{"start":{"line":61,"column":3},"end":{"line":61,"column":14}},"16":{"start":{"line":64,"column":2},"end":{"line":64,"column":14}},"17":{"start":{"line":70,"column":2},"end":{"line":70,"column":54}},"18":{"start":{"line":72,"column":2},"end":{"line":72,"column":30}},"19":{"start":{"line":74,"column":2},"end":{"line":74,"column":72}},"20":{"start":{"line":76,"column":2},"end":{"line":76,"column":59}},"21":{"start":{"line":78,"column":2},"end":{"line":78,"column":43}},"22":{"start":{"line":84,"column":2},"end":{"line":84,"column":29}},"23":{"start":{"line":86,"column":2},"end":{"line":86,"column":30}},"24":{"start":{"line":92,"column":2},"end":{"line":92,"column":29}},"25":{"start":{"line":94,"column":2},"end":{"line":94,"column":30}},"26":{"start":{"line":95,"column":2},"end":{"line":95,"column":13}},"27":{"start":{"line":96,"column":2},"end":{"line":96,"column":34}},"28":{"start":{"line":98,"column":2},"end":{"line":98,"column":21}},"29":{"start":{"line":99,"column":2},"end":{"line":99,"column":26}},"30":{"start":{"line":101,"column":2},"end":{"line":101,"column":2178}},"31":{"start":{"line":102,"column":3},"end":{"line":102,"column":44}},"32":{"start":{"line":103,"column":3},"end":{"line":103,"column":47}},"33":{"start":{"line":110,"column":2},"end":{"line":110,"column":70}},"34":{"start":{"line":111,"column":2},"end":{"line":111,"column":55}},"35":{"start":{"line":112,"column":2},"end":{"line":112,"column":66}},"36":{"start":{"line":113,"column":2},"end":{"line":113,"column":61}},"37":{"start":{"line":114,"column":2},"end":{"line":114,"column":82}},"38":{"start":{"line":115,"column":2},"end":{"line":115,"column":66}},"39":{"start":{"line":118,"column":2},"end":{"line":118,"column":42}},"40":{"start":{"line":120,"column":2},"end":{"line":120,"column":2971}},"41":{"start":{"line":121,"column":3},"end":{"line":121,"column":105}},"42":{"start":{"line":122,"column":3},"end":{"line":122,"column":39}},"43":{"start":{"line":125,"column":2},"end":{"line":125,"column":13}}},"branchMap":{"1":{"line":51,"type":"if","locations":[{"start":{"line":51,"column":3},"end":{"line":51,"column":3}},{"start":{"line":51,"column":3},"end":{"line":51,"column":3}}]},"2":{"line":60,"type":"if","locations":[{"start":{"line":60,"column":2},"end":{"line":60,"column":2}},{"start":{"line":60,"column":2},"end":{"line":60,"column":2}}]},"3":{"line":70,"type":"if","locations":[{"start":{"line":70,"column":2},"end":{"line":70,"column":2}},{"start":{"line":70,"column":2},"end":{"line":70,"column":2}}]},"4":{"line":84,"type":"if","locations":[{"start":{"line":84,"column":2},"end":{"line":84,"column":2}},{"start":{"line":84,"column":2},"end":{"line":84,"column":2}}]},"5":{"line":92,"type":"if","locations":[{"start":{"line":92,"column":2},"end":{"line":92,"column":2}},{"start":{"line":92,"column":2},"end":{"line":92,"column":2}}]},"6":{"line":110,"type":"if","locations":[{"start":{"line":110,"column":2},"end":{"line":110,"column":2}},{"start":{"line":110,"column":2},"end":{"line":110,"column":2}}]},"7":{"line":111,"type":"if","locations":[{"start":{"line":111,"column":2},"end":{"line":111,"column":2}},{"start":{"line":111,"column":2},"end":{"line":111,"column":2}}]},"8":{"line":112,"type":"if","locations":[{"start":{"line":112,"column":2},"end":{"line":112,"column":2}},{"start":{"line":112,"column":2},"end":{"line":112,"column":2}}]},"9":{"line":113,"type":"if","locations":[{"start":{"line":113,"column":2},"end":{"line":113,"column":2}},{"start":{"line":113,"column":2},"end":{"line":113,"column":2}}]},"10":{"line":114,"type":"if","locations":[{"start":{"line":114,"column":2},"end":{"line":114,"column":2}},{"start":{"line":114,"column":2},"end":{"line":114,"column":2}}]},"11":{"line":115,"type":"if","locations":[{"start":{"line":115,"column":2},"end":{"line":115,"column":2}},{"start":{"line":115,"column":2},"end":{"line":115,"column":2}}]},"12":{"line":120,"type":"if","locations":[{"start":{"line":120,"column":2},"end":{"line":120,"column":2}},{"start":{"line":120,"column":2},"end":{"line":120,"column":2}}]}}}}
