TN:
SF:/Users/macbook/Desktop/cryptonTestTask/contracts/task2.sol
FN:7,constructor
FN:27,getAmountOfPolls
FN:31,getPollInfo
FN:40,getPollCandidates
FN:48,checkIfVoted
FN:58,isThereACandidate
FN:68,finalizePoll
FN:82,withdrawFees
FN:90,addVoting
FN:108,vote
FNF:10
FNH:10
FNDA:39,constructor
FNDA:1,getAmountOfPolls
FNDA:1,getPollInfo
FNDA:1,getPollCandidates
FNDA:22,checkIfVoted
FNDA:20,isThereACandidate
FNDA:3,finalizePoll
FNDA:2,withdrawFees
FNDA:13,addVoting
FNDA:24,vote
DA:8,39
DA:28,1
DA:32,1
DA:33,1
DA:34,4
DA:37,1
DA:41,1
DA:43,1
DA:45,1
DA:50,22
DA:51,73
DA:54,21
DA:60,20
DA:61,19
DA:64,1
DA:70,3
DA:72,2
DA:74,2
DA:76,2
DA:78,2
DA:84,2
DA:86,1
DA:92,13
DA:94,12
DA:95,12
DA:96,12
DA:98,12
DA:99,12
DA:101,12
DA:102,40
DA:103,40
DA:110,24
DA:111,23
DA:112,22
DA:113,21
DA:114,20
DA:115,19
DA:117,18
DA:118,18
DA:120,18
DA:121,8
DA:122,8
DA:125,18
LF:43
LH:43
BRDA:51,1,0,1
BRDA:51,1,1,72
BRDA:60,2,0,19
BRDA:60,2,1,1
BRDA:70,3,0,2
BRDA:70,3,1,1
BRDA:84,4,0,1
BRDA:84,4,1,1
BRDA:92,5,0,12
BRDA:92,5,1,1
BRDA:110,6,0,23
BRDA:110,6,1,1
BRDA:111,7,0,22
BRDA:111,7,1,1
BRDA:112,8,0,21
BRDA:112,8,1,1
BRDA:113,9,0,20
BRDA:113,9,1,1
BRDA:114,10,0,19
BRDA:114,10,1,1
BRDA:115,11,0,18
BRDA:115,11,1,1
BRDA:120,12,0,8
BRDA:120,12,1,10
BRF:24
BRH:24
end_of_record
